─┬──────┬───┬────┬───┬───┬───┬───┬─────┬────┬─
 ↔ -555 ↔ 6 ↔ 10 ↔ 1 ↔ 2 ↔ 3 ↔ 4 ↔ 999 ↔ 20 ↔ 
─┴──────┴───┴────┴───┴───┴───┴───┴─────┴────┴─
LENGTH: 9
─┬───┬───┬───┬───┬─
 ↔ 1 ↔ 2 ↔ 3 ↔ 4 ↔ 
─┴───┴───┴───┴───┴─
LENGTH: 4
Node: (item: 1, previous: None, next: 2) Node: (item: 4, previous: 3, next: None) 

─┬───┬───┬───┬───┬─
 ↔ 4 ↔ 3 ↔ 2 ↔ 1 ↔ 
─┴───┴───┴───┴───┴─
REV LENGTH: 4
Node: (item: 3, previous: 4, next: 2) Node: (item: 2, previous: 3, next: 1)
===== Backward Iteration =====
Node: (item: 4, previous: 3, next: None)
Node: (item: 3, previous: 2, next: 4)
Node: (item: 2, previous: 1, next: 3)
Node: (item: 1, previous: None, next: 2)
===== Forward Iteration =====
Node: (item: 1, previous: None, next: 2)
Node: (item: 2, previous: 1, next: 3)
Node: (item: 3, previous: 2, next: 4)
Node: (item: 4, previous: 3, next: None)
Linked List is empty? True
Reversed Linked List is empty? False
[Finished in 0.0s]