┌───┬────┬─
│ 5 → 10 → 
└───┴────┴─
┌────┬─
│ 10 → 
└────┴─
┌─
│ 
└─
┌─────┬─────┬─────┬─
│ 100 → 100 → 200 → 
└─────┴─────┴─────┴─
┌─────┬─
│ 200 → 
└─────┴─
┌─
│ 
└─
┌───┬────┬─
│ 6 → 20 → 
└───┴────┴─
True
┌───┬───┬────┬────┬────┬────┬─
│ 2 → 6 → 10 → 77 → 20 → 43 → 
└───┴───┴────┴────┴────┴────┴─
┌───┬───┬────┬────┬────┬─
│ 2 → 6 → 10 → 77 → 20 → 
└───┴───┴────┴────┴────┴─
LENGTH: 5
[2, 6, 10, 77, 20]
2 77 

┌────┬────┬────┬───┬───┬─
│ 20 → 77 → 10 → 6 → 2 → 
└────┴────┴────┴───┴───┴─
REV LENGTH: 5
77 10
Linked List is empty? True
Reversed Linked List is empty? False